<?xml version="1.0" encoding="UTF-8"?>
<testng-results skipped="0" failed="0" ignored="0" total="1" passed="1">
  <reporter-output>
  </reporter-output>
  <suite name="Default suite" duration-ms="21207" started-at="2019-02-21T11:11:38Z" finished-at="2019-02-21T11:11:59Z">
    <groups>
    </groups>
    <test name="Default test" duration-ms="21207" started-at="2019-02-21T11:11:38Z" finished-at="2019-02-21T11:11:59Z">
      <class name="com.training.sanity.tests.UniformReturnOrderedProductTests">
        <test-method status="PASS" signature="setUpBeforeClass()[pri:0, instance:com.training.sanity.tests.UniformReturnOrderedProductTests@42d80b78]" name="setUpBeforeClass" is-config="true" duration-ms="10035" started-at="2019-02-21T11:11:38Z" finished-at="2019-02-21T11:11:48Z">
          <reporter-output>
          </reporter-output>
        </test-method> <!-- setUpBeforeClass -->
        <test-method status="PASS" signature="OrderProductTest()[pri:0, instance:com.training.sanity.tests.UniformReturnOrderedProductTests@42d80b78]" name="OrderProductTest" duration-ms="8864" started-at="2019-02-21T11:11:48Z" finished-at="2019-02-21T11:11:56Z">
          <reporter-output>
          </reporter-output>
        </test-method> <!-- OrderProductTest -->
        <test-method status="PASS" signature="tearDown()[pri:0, instance:com.training.sanity.tests.UniformReturnOrderedProductTests@42d80b78]" name="tearDown" is-config="true" duration-ms="2278" started-at="2019-02-21T11:11:56Z" finished-at="2019-02-21T11:11:59Z">
          <reporter-output>
          </reporter-output>
        </test-method> <!-- tearDown -->
      </class> <!-- com.training.sanity.tests.UniformReturnOrderedProductTests -->
    </test> <!-- Default test -->
  </suite> <!-- Default suite -->
</testng-results>
